#
# A fatal error has been detected by the Java Runtime Environment:
#
#  EXCEPTION_ACCESS_VIOLATION (0xc0000005) at pc=0x0000000078c39d4e, pid=1888, tid=3804
#
# JRE version: 6.0_17-b04
# Java VM: Java HotSpot(TM) 64-Bit Server VM (14.3-b01 mixed mode windows-amd64 )
# Problematic frame:
# C  0x0000000078c39d4e
#
# If you would like to submit a bug report, please visit:
#   http://java.sun.com/webapps/bugreport/crash.jsp
#

---------------  T H R E A D  ---------------

Current thread (0x000000000651b000):  GCTaskThread [stack: 0x000000004ac10000,0x000000004ec10000] [id=3804]

siginfo: ExceptionCode=0xc0000005, reading address 0xffffffffffffffff

Registers:
EAX=0x2f6c6974752f6176, EBX=0x00000000453e35f8, ECX=0x00000000328f0bb0, EDX=0x00000000065c2da0
ESP=0x000000004ec0fb60, EBP=0x00000000076e0c29, ESI=0x0000000000000059, EDI=0x00000000065c2da0
EIP=0x0000000078c39d4e, EFLAGS=0x0000000000010207

Top of Stack: (sp=0x000000004ec0fb60)
0x000000004ec0fb60:   0000000000000000 000000003b706148
0x000000004ec0fb70:   00000000065c2da0 0000000006514ac0
0x000000004ec0fb80:   00000000065c2dc8 0000000078c3a0ad
0x000000004ec0fb90:   0000000000000000 0000000000000000
0x000000004ec0fba0:   00000000065c2da0 00000000453e35f8
0x000000004ec0fbb0:   0000000044bd5760 0000000000001000
0x000000004ec0fbc0:   000000003e14a810 0000000044ba1810
0x000000004ec0fbd0:   0000000000000000 0000000006514900
0x000000004ec0fbe0:   00000000065c2da0 00000000065c2da0
0x000000004ec0fbf0:   0000000044ba1720 000000000000001c
0x000000004ec0fc00:   000000000000095b 0000000078c3b7b9
0x000000004ec0fc10:   00000000453a8a4a 0000000000000165
0x000000004ec0fc20:   0000000000000001 0000000044bdc2d0
0x000000004ec0fc30:   0000000000000000 0000000000000000
0x000000004ec0fc40:   0000000000000000 0000000044bdc2d0
0x000000004ec0fc50:   0000000000000000 0000000078a44775 

Instructions: (pc=0x0000000078c39d4e)
0x0000000078c39d3e:   08 00 00 00 c0 73 3c 48 8b 01 4c 8b c3 48 8b d7
0x0000000078c39d4e:   ff 90 d8 00 00 00 48 8b d6 48 8b cb e8 71 24 00 


Stack: [0x000000004ac10000,0x000000004ec10000],  sp=0x000000004ec0fb60,  free space=65534k
Native frames: (J=compiled Java code, j=interpreted, Vv=VM code, C=native code)
C  0x0000000078c39d4e


---------------  P R O C E S S  ---------------

Java Threads: ( => current thread )
  0x00000000706af000 JavaThread "Unnamed RequestAggregator Timer" daemon [_thread_blocked, id=4464, stack(0x0000000086300000,0x000000008a300000)]
  0x00000000706ae800 JavaThread "FileDecorationCache request queue" daemon [_thread_blocked, id=4116, stack(0x0000000101fa0000,0x0000000105fa0000)]
  0x00000000706b0000 JavaThread "Code Analyzer updating thread" [_thread_blocked, id=4892, stack(0x00000000e5fa0000,0x00000000e9fa0000)]
  0x00000000706b2000 JavaThread "RecordlistTable Timer" daemon [_thread_blocked, id=2928, stack(0x00000000f5fa0000,0x00000000f9fa0000)]
  0x00000000706b1800 JavaThread "Swing-Shell" daemon [_thread_blocked, id=3200, stack(0x000000011dfa0000,0x0000000121fa0000)]
  0x000000006f100800 JavaThread "Foxtrot Single Worker Thread #1" daemon [_thread_blocked, id=3704, stack(0x00000000edfa0000,0x00000000f1fa0000)]
  0x000000006f0f9800 JavaThread "Code Analyzer updating thread" [_thread_blocked, id=2180, stack(0x00000000ddfa0000,0x00000000e1fa0000)]
  0x000000006f100000 JavaThread "Active Reference Queue Daemon" daemon [_thread_blocked, id=4332, stack(0x00000000d1fa0000,0x00000000d5fa0000)]
  0x000000006f0f8000 JavaThread "Timer-2" daemon [_thread_blocked, id=1704, stack(0x00000000c8000000,0x00000000cc000000)]
  0x000000006f103800 JavaThread "Prefs Updater" daemon [_thread_blocked, id=4844, stack(0x0000000109fa0000,0x000000010dfa0000)]
  0x000000006f102800 JavaThread "Timer-1" daemon [_thread_blocked, id=4816, stack(0x00000000f9fa0000,0x00000000fdfa0000)]
  0x000000006f101000 JavaThread "com.jniwrapper.NativeResourceCollector" daemon [_thread_blocked, id=4804, stack(0x00000000f1fa0000,0x00000000f5fa0000)]
  0x000000006f0fb800 JavaThread "ClipboardMonitor Timer" daemon [_thread_blocked, id=4676, stack(0x0000000098000000,0x000000009c000000)]
  0x000000006f0fe800 JavaThread "Explorer NavigationContext request queue" daemon [_thread_blocked, id=4664, stack(0x00000000e1fa0000,0x00000000e5fa0000)]
  0x000000006f0fd000 JavaThread "AddressBar directory emptiness poller" daemon [_thread_blocked, id=4652, stack(0x00000000d9fa0000,0x00000000ddfa0000)]
  0x000000006f0fc000 JavaThread "Explorer Refresh Service 1421587152" daemon [_thread_blocked, id=4648, stack(0x00000000d5fa0000,0x00000000d9fa0000)]
  0x000000006f0fa000 JavaThread "Thread-4" daemon [_thread_blocked, id=4624, stack(0x00000000cc000000,0x00000000d0000000)]
  0x000000006f0f8800 JavaThread "TimerQueue" daemon [_thread_blocked, id=4616, stack(0x00000000c4000000,0x00000000c8000000)]
  0x000000006f0f7000 JavaThread "Thread-3" daemon [_thread_blocked, id=4608, stack(0x00000000b0000000,0x00000000b4000000)]
  0x000000006f0f6800 JavaThread "AWT-EventQueue-0" [_thread_blocked, id=4604, stack(0x00000000ac000000,0x00000000b0000000)]
  0x000000006f0f5800 JavaThread "AWT-Shutdown" [_thread_blocked, id=4600, stack(0x00000000a8000000,0x00000000ac000000)]
  0x000000006f0f5000 JavaThread "FelixPackageAdmin" daemon [_thread_blocked, id=4572, stack(0x00000000bc000000,0x00000000c0000000)]
  0x000000006f0f4000 JavaThread "FelixStartLevel" daemon [_thread_blocked, id=4568, stack(0x00000000b8000000,0x00000000bc000000)]
  0x000000006edd0000 JavaThread "FelixDispatchQueue" daemon [_thread_blocked, id=4564, stack(0x00000000b4000000,0x00000000b8000000)]
  0x000000006d13d000 JavaThread "com.google.common.base.internal.Finalizer" daemon [_thread_blocked, id=4532, stack(0x00000000a4000000,0x00000000a8000000)]
  0x000000006ebcc800 JavaThread "AWT-Windows" daemon [_thread_in_native, id=4492, stack(0x000000009c000000,0x00000000a0000000)]
  0x000000006ebc6000 JavaThread "Java2D Disposer" daemon [_thread_blocked, id=4460, stack(0x0000000094000000,0x0000000098000000)]
  0x000000004ed86800 JavaThread "Timer-0" [_thread_blocked, id=4412, stack(0x0000000090000000,0x0000000094000000)]
  0x000000006e5fa000 JavaThread "EventMgr Dispatcher" daemon [_thread_in_native, id=4384, stack(0x000000008c000000,0x0000000090000000)]
  0x000000004ecc4800 JavaThread "Low Memory Detector" daemon [_thread_blocked, id=3844, stack(0x0000000066e10000,0x000000006ae10000)]
  0x000000004ecbc000 JavaThread "CompilerThread1" daemon [_thread_blocked, id=3840, stack(0x0000000062e10000,0x0000000066e10000)]
  0x000000004ecb7000 JavaThread "CompilerThread0" daemon [_thread_blocked, id=3836, stack(0x000000005ee10000,0x0000000062e10000)]
  0x00000000065df000 JavaThread "Attach Listener" daemon [_thread_blocked, id=3832, stack(0x000000005ae10000,0x000000005ee10000)]
  0x00000000065cd800 JavaThread "Finalizer" daemon [_thread_blocked, id=3820, stack(0x0000000056e10000,0x000000005ae10000)]
  0x00000000065c5000 JavaThread "Reference Handler" daemon [_thread_blocked, id=3816, stack(0x0000000052e10000,0x0000000056e10000)]
  0x00000000064de800 JavaThread "main" [_thread_in_native, id=1212, stack(0x0000000000030000,0x0000000004030000)]

Other Threads:
  0x000000004ec72800 VMThread [stack: 0x000000004ee10000,0x0000000052e10000] [id=3808]
  0x000000004ece6000 WatcherThread [stack: 0x0000000080000000,0x0000000084000000] [id=3848]

=>0x000000000651b000 (exited) GCTaskThread [stack: 0x000000004ac10000,0x000000004ec10000] [id=3804]

VM state:at safepoint (normal execution)

VM Mutex/Monitor currently owned by a thread:  ([mutex/lock_event])
[0x000000000650e6e0] Threads_lock - owner thread: 0x000000004ec72800
[0x000000000650ebe0] Heap_lock - owner thread: 0x00000000706af000

Heap
 PSYoungGen      total 23040K, used 19309K [0x0000000043b10000, 0x00000000459c0000, 0x0000000046c10000)
  eden space 15808K, 100% used [0x0000000043b10000,0x0000000044a80000,0x0000000044a80000)
  from space 7232K, 48% used [0x00000000452b0000,0x000000004561b6f8,0x00000000459c0000)
  to   space 7808K, 33% used [0x0000000044a80000,0x0000000044d11740,0x0000000045220000)
 PSOldGen        total 150528K, used 58906K [0x000000003a810000, 0x0000000043b10000, 0x0000000043b10000)
  object space 150528K, 39% used [0x000000003a810000,0x000000003e196810,0x0000000043b10000)
 PSPermGen       total 114816K, used 74877K [0x0000000032810000, 0x0000000039830000, 0x000000003a810000)
  object space 114816K, 65% used [0x0000000032810000,0x000000003712f6f8,0x0000000039830000)

Dynamic libraries:
0x0000000140000000 - 0x0000000140028000 	C:\Program Files\MATLAB\R2013a\bin\win64\MATLAB.exe
0x0000000076fb0000 - 0x0000000077159000 	C:\Windows\SYSTEM32\ntdll.dll
0x0000000076e90000 - 0x0000000076faf000 	C:\Windows\system32\kernel32.dll
0x000007fefcdb0000 - 0x000007fefce1b000 	C:\Windows\system32\KERNELBASE.dll
0x0000000074460000 - 0x0000000074515000 	C:\Program Files\MATLAB\R2013a\bin\win64\libut.dll
0x00000000758a0000 - 0x000000007595f000 	C:\Program Files\MATLAB\R2013a\bin\win64\libmwi18n.dll
0x0000000180000000 - 0x000000018000d000 	C:\Program Files\MATLAB\R2013a\bin\win64\libmwresource_core.dll
0x0000000072a10000 - 0x0000000072aa8000 	C:\Program Files\MATLAB\R2013a\bin\win64\MSVCP100.dll
0x0000000072930000 - 0x0000000072a02000 	C:\Program Files\MATLAB\R2013a\bin\win64\MSVCR100.dll
0x000000006e010000 - 0x000000006e01e000 	C:\Program Files\MATLAB\R2013a\bin\win64\boost_date_time-vc100-mt-1_49.dll
0x000000006dfe0000 - 0x000000006e00c000 	C:\Program Files\MATLAB\R2013a\bin\win64\boost_filesystem-vc100-mt-1_49.dll
0x000000006dfd0000 - 0x000000006dfd9000 	C:\Program Files\MATLAB\R2013a\bin\win64\boost_system-vc100-mt-1_49.dll
0x000007fefd900000 - 0x000007fefd9db000 	C:\Windows\system32\ADVAPI32.dll
0x000007fefe220000 - 0x000007fefe2bf000 	C:\Windows\system32\msvcrt.dll
0x000007fefd320000 - 0x000007fefd33f000 	C:\Windows\SYSTEM32\sechost.dll
0x000007fefde60000 - 0x000007fefdf8d000 	C:\Windows\system32\RPCRT4.dll
0x000000006e480000 - 0x000000006e4a5000 	C:\Program Files\MATLAB\R2013a\bin\win64\LIBEXPAT.dll
0x000000006de40000 - 0x000000006dfca000 	C:\Program Files\MATLAB\R2013a\bin\win64\icuin49.dll
0x000000006dd00000 - 0x000000006de3e000 	C:\Program Files\MATLAB\R2013a\bin\win64\icuuc49.dll
0x000000006bf90000 - 0x000000006d0b2000 	C:\Program Files\MATLAB\R2013a\bin\win64\icudt49.dll
0x000000006fb50000 - 0x000000006fb60000 	C:\Program Files\MATLAB\R2013a\bin\win64\icuio49.dll
0x0000000073f70000 - 0x0000000074112000 	C:\Program Files\MATLAB\R2013a\bin\win64\libmwfl.dll
0x000000007a350000 - 0x000000007a737000 	C:\Program Files\MATLAB\R2013a\bin\win64\libmwMATLAB_res.dll
0x000000006dc20000 - 0x000000006dcff000 	C:\Program Files\MATLAB\R2013a\bin\win64\boost_regex-vc100-mt-1_49.dll
0x0000000076d90000 - 0x0000000076e8a000 	C:\Windows\system32\USER32.dll
0x000007fefddf0000 - 0x000007fefde57000 	C:\Windows\system32\GDI32.dll
0x000007fefd310000 - 0x000007fefd31e000 	C:\Windows\system32\LPK.dll
0x000007fefd830000 - 0x000007fefd8f9000 	C:\Windows\system32\USP10.dll
0x000000006e460000 - 0x000000006e471000 	C:\Program Files\MATLAB\R2013a\bin\win64\boost_signals-vc100-mt-1_49.dll
0x000000006e440000 - 0x000000006e451000 	C:\Program Files\MATLAB\R2013a\bin\win64\boost_thread-vc100-mt-1_49.dll
0x000007fee0be0000 - 0x000007fee0c6c000 	C:\Program Files\MATLAB\R2013a\bin\win64\boost_log-vc100-mt-1_49.dll
0x0000000077170000 - 0x0000000077177000 	C:\Windows\system32\PSAPI.DLL
0x000007fefe1d0000 - 0x000007fefe21d000 	C:\Windows\system32\WS2_32.dll
0x000007fefdd40000 - 0x000007fefdd48000 	C:\Windows\system32\NSI.dll
0x000007fee0ba0000 - 0x000007fee0bd3000 	C:\Program Files\MATLAB\R2013a\bin\win64\tbb.dll
0x000007fefd4c0000 - 0x000007fefd4d7000 	C:\Windows\system32\imagehlp.dll
0x000007fefaa00000 - 0x000007fefaa2c000 	C:\Windows\system32\POWRPROF.dll
0x000007fefd130000 - 0x000007fefd307000 	C:\Windows\system32\SETUPAPI.dll
0x000007fefd0e0000 - 0x000007fefd116000 	C:\Windows\system32\CFGMGR32.dll
0x000007fefd340000 - 0x000007fefd417000 	C:\Windows\system32\OLEAUT32.dll
0x000007feff0b0000 - 0x000007feff2b3000 	C:\Windows\system32\ole32.dll
0x000007fefd0c0000 - 0x000007fefd0da000 	C:\Windows\system32\DEVOBJ.dll
0x0000000004100000 - 0x0000000004121000 	C:\Program Files\MATLAB\R2013a\bin\win64\libmwmfl_scalar.dll
0x000007fee0a70000 - 0x000007fee0b95000 	C:\Windows\system32\dbghelp.dll
0x00000000042c0000 - 0x00000000045ef000 	C:\Program Files\MATLAB\R2013a\bin\win64\libmwservices.dll
0x0000000075a20000 - 0x0000000075b0b000 	C:\Program Files\MATLAB\R2013a\bin\win64\libmx.dll
0x000007fee09d0000 - 0x000007fee09f8000 	C:\Program Files\MATLAB\R2013a\bin\win64\tbbmalloc.dll
0x000000006e420000 - 0x000000006e437000 	C:\Program Files\MATLAB\R2013a\bin\win64\zlib1.dll
0x0000000004130000 - 0x000000000417e000 	C:\Program Files\MATLAB\R2013a\bin\win64\libmwregexp.dll
0x0000000075f10000 - 0x0000000075f57000 	C:\Program Files\MATLAB\R2013a\bin\win64\mpath.dll
0x000000007b680000 - 0x000000007bc66000 	C:\Program Files\MATLAB\R2013a\bin\win64\mlutil.dll
0x00000000754d0000 - 0x0000000075547000 	C:\Program Files\MATLAB\R2013a\bin\win64\xmlcore.dll
0x000000006bd40000 - 0x000000006bf81000 	C:\Program Files\MATLAB\R2013a\bin\win64\xerces-c_2_7.dll
0x0000000004190000 - 0x00000000041b2000 	C:\Program Files\MATLAB\R2013a\bin\win64\libmwMATLAB_settings_res.dll
0x000007feea500000 - 0x000007feea510000 	C:\Program Files\MATLAB\R2013a\bin\win64\boost_iostreams-vc100-mt-1_49.dll
0x000007fedf7d0000 - 0x000007fedf816000 	C:\Program Files\MATLAB\R2013a\bin\win64\boost_serialization-vc100-mt-1_49.dll
0x000007fefe320000 - 0x000007feff0a8000 	C:\Windows\system32\SHELL32.dll
0x000007fefd7b0000 - 0x000007fefd821000 	C:\Windows\system32\SHLWAPI.dll
0x00000000045f0000 - 0x00000000045f6000 	C:\Program Files\MATLAB\R2013a\bin\win64\libmwnativedisplay.dll
0x000007fee2d10000 - 0x000007fee2db0000 	C:\Windows\WinSxS\amd64_microsoft.windows.common-controls_6595b64144ccf1df_5.82.7601.17514_none_a4d6a923711520a9\COMCTL32.dll
0x000007fefd420000 - 0x000007fefd4b7000 	C:\Windows\system32\COMDLG32.dll
0x000007fefa7e0000 - 0x000007fefa7f6000 	C:\Windows\system32\NETAPI32.dll
0x000007fefa7d0000 - 0x000007fefa7dc000 	C:\Windows\system32\netutils.dll
0x000007fefc780000 - 0x000007fefc7a3000 	C:\Windows\system32\srvcli.dll
0x000007fefa630000 - 0x000007fefa645000 	C:\Windows\system32\wkscli.dll
0x0000000074970000 - 0x0000000074a18000 	C:\Program Files\MATLAB\R2013a\bin\win64\mcr.dll
0x0000000075000000 - 0x00000000753b1000 	C:\Program Files\MATLAB\R2013a\bin\win64\iqm.dll
0x0000000074e80000 - 0x0000000074f30000 	C:\Program Files\MATLAB\R2013a\bin\win64\m_dispatcher.dll
0x0000000004600000 - 0x0000000004e08000 	C:\Program Files\MATLAB\R2013a\bin\win64\m_interpreter.dll
0x0000000004e10000 - 0x0000000004e34000 	C:\Program Files\MATLAB\R2013a\bin\win64\libmex.dll
0x0000000075430000 - 0x00000000754ab000 	C:\Program Files\MATLAB\R2013a\bin\win64\profiler.dll
0x0000000004e40000 - 0x00000000050c3000 	C:\Program Files\MATLAB\R2013a\bin\win64\libmwmathutil.dll
0x0000000079f40000 - 0x0000000079f66000 	C:\Program Files\MATLAB\R2013a\bin\win64\libmwmathrng.dll
0x00000000050d0000 - 0x00000000050e0000 	C:\Program Files\MATLAB\R2013a\bin\win64\libmwmfl_rng.dll
0x0000000074c10000 - 0x0000000074cf8000 	C:\Program Files\MATLAB\R2013a\bin\win64\libmwmathcore.dll
0x0000000076160000 - 0x00000000761c3000 	C:\Program Files\MATLAB\R2013a\bin\win64\libmwspmatrix.dll
0x000000007b0a0000 - 0x000000007b2f6000 	C:\Program Files\MATLAB\R2013a\bin\win64\mcos.dll
0x0000000075ea0000 - 0x0000000075f02000 	C:\Program Files\MATLAB\R2013a\bin\win64\libmwcholmod.dll
0x00000000050f0000 - 0x00000000050fd000 	C:\Program Files\MATLAB\R2013a\bin\win64\libmwamd.dll
0x000000006d930000 - 0x000000006d9d3000 	C:\Windows\WinSxS\amd64_microsoft.vc90.crt_1fc8b3b9a1e18e3b_9.0.30729.6161_none_08e61857a83bc251\MSVCR90.dll
0x0000000005110000 - 0x000000000511c000 	C:\Program Files\MATLAB\R2013a\bin\win64\libmwcolamd.dll
0x000000007a290000 - 0x000000007a2a3000 	C:\Program Files\MATLAB\R2013a\bin\win64\libmwblas.dll
0x000000007a310000 - 0x000000007a325000 	C:\Program Files\MATLAB\R2013a\bin\win64\libmwbinder.dll
0x0000000005130000 - 0x000000000513b000 	C:\Program Files\MATLAB\R2013a\bin\win64\libmwompwrapper.dll
0x0000000075820000 - 0x000000007589e000 	C:\Program Files\MATLAB\R2013a\bin\win64\libmwlapack.dll
0x000000007a1b0000 - 0x000000007a1d0000 	C:\Program Files\MATLAB\R2013a\bin\win64\m_pcodeio.dll
0x0000000079b10000 - 0x0000000079b6c000 	C:\Program Files\MATLAB\R2013a\bin\win64\m_ir.dll
0x0000000078ed0000 - 0x0000000079579000 	C:\Program Files\MATLAB\R2013a\bin\win64\m_parser.dll
0x000000007a2f0000 - 0x000000007a307000 	C:\Program Files\MATLAB\R2013a\bin\win64\ir_xfmr.dll
0x0000000005140000 - 0x0000000005150000 	C:\Program Files\MATLAB\R2013a\bin\win64\mtok.dll
0x000000007a130000 - 0x000000007a158000 	C:\Program Files\MATLAB\R2013a\bin\win64\m_pcodegen.dll
0x0000000079fb0000 - 0x0000000079fdf000 	C:\Program Files\MATLAB\R2013a\bin\win64\libmwbridge.dll
0x0000000074f40000 - 0x0000000074ff6000 	C:\Program Files\MATLAB\R2013a\bin\win64\udd.dll
0x0000000073cc0000 - 0x0000000073e0e000 	C:\Program Files\MATLAB\R2013a\bin\win64\libmwgui.dll
0x000000007a1d0000 - 0x000000007a1f4000 	C:\Program Files\MATLAB\R2013a\bin\win64\graphics_util.dll
0x000007fedf710000 - 0x000007fedf7c8000 	C:\Program Files\MATLAB\R2013a\bin\win64\libtex_base.dll
0x0000000005150000 - 0x0000000005a93000 	C:\Program Files\MATLAB\R2013a\bin\win64\hg.dll
0x0000000076100000 - 0x000000007615a000 	C:\Program Files\MATLAB\R2013a\bin\win64\libmat.dll
0x0000000072d30000 - 0x0000000072f38000 	C:\Program Files\MATLAB\R2013a\bin\win64\hdf5dll.dll
0x0000000075710000 - 0x00000000757d8000 	C:\Program Files\MATLAB\R2013a\bin\win64\jmi.dll
0x0000000005ab0000 - 0x0000000005abe000 	C:\Program Files\MATLAB\R2013a\bin\win64\nativejava_services.dll
0x0000000005ac0000 - 0x0000000005b00000 	C:\Program Files\MATLAB\R2013a\bin\win64\libmwhardcopy.dll
0x0000000075c70000 - 0x0000000075cce000 	C:\Program Files\MATLAB\R2013a\bin\win64\libuij.dll
0x0000000072f50000 - 0x000000007318f000 	C:\Program Files\MATLAB\R2013a\bin\win64\hgdatatypes.dll
0x0000000005b00000 - 0x0000000005beb000 	C:\Program Files\MATLAB\R2013a\bin\win64\hgutils.dll
0x0000000005bf0000 - 0x0000000005c9e000 	C:\Program Files\MATLAB\R2013a\bin\win64\udd_mi.dll
0x0000000005ca0000 - 0x0000000005cd6000 	C:\Program Files\MATLAB\R2013a\bin\win64\libmwgbtutils.dll
0x0000000005ce0000 - 0x0000000005cf4000 	C:\Program Files\MATLAB\R2013a\bin\win64\libmwgbt.dll
0x0000000005d00000 - 0x0000000005fce000 	C:\Program Files\MATLAB\R2013a\bin\win64\uiw.dll
0x0000000005fd0000 - 0x0000000005fd9000 	C:\Program Files\MATLAB\R2013a\bin\win64\uinone.dll
0x0000000005fe0000 - 0x0000000006006000 	C:\Program Files\MATLAB\R2013a\bin\win64\libmwnativefiledialogs.dll
0x0000000006010000 - 0x000000000601c000 	C:\Program Files\MATLAB\R2013a\bin\win64\libmwplatform_res.dll
0x000007fefa360000 - 0x000007fefa378000 	C:\Windows\system32\MPR.dll
0x000000006b7e0000 - 0x000000006bd3d000 	C:\Program Files\MATLAB\R2013a\bin\win64\mfc100.dll
0x000007fee3360000 - 0x000007fee3367000 	C:\Windows\system32\MSIMG32.dll
0x000007fefa1f0000 - 0x000007fefa261000 	C:\Windows\system32\WINSPOOL.DRV
0x0000000006020000 - 0x000000000603d000 	C:\Program Files\MATLAB\R2013a\bin\win64\mwoles05.DLL
0x0000000006040000 - 0x00000000060ac000 	C:\Program Files\MATLAB\R2013a\bin\win64\comcli.dll
0x000000006e3b0000 - 0x000000006e3db000 	C:\Program Files\MATLAB\R2013a\bin\win64\ATL100.DLL
0x00000000060b0000 - 0x00000000060bc000 	C:\Program Files\MATLAB\R2013a\bin\win64\mlautoregister.dll
0x00000000060c0000 - 0x0000000006216000 	C:\Program Files\MATLAB\R2013a\bin\win64\mvm.dll
0x000007fefe1a0000 - 0x000007fefe1ce000 	C:\Windows\system32\IMM32.DLL
0x000007fefd9e0000 - 0x000007fefdae9000 	C:\Windows\system32\MSCTF.dll
0x000007fefb500000 - 0x000007fefb556000 	C:\Windows\system32\UxTheme.dll
0x000007fefb0a0000 - 0x000007fefb0b8000 	C:\Windows\system32\dwmapi.dll
0x0000000006360000 - 0x000000000636d000 	C:\Program Files\MATLAB\R2013a\bin\win64\MFC100ENU.DLL
0x00000000063f0000 - 0x000000000643e000 	C:\Program Files\MATLAB\R2013a\bin\win64\MVMLocal.dll
0x000007fefcd80000 - 0x000007fefcd8f000 	C:\Windows\system32\profapi.dll

VM Arguments:
jvm_args: -XX:PermSize=32m -Xms64m -XX:NewRatio=3 -XX:MaxPermSize=128m -Xmx196m -XX:MaxDirectMemorySize=2147400000 -Dsun.java2d.noddraw=true -Dsun.awt.nopixfmt=true -Xshare:off -Xrs -Dsun.awt.disableMixing=true -Djava.library.path=C:\Program Files\MATLAB\R2013a\bin\win64;C:\Program Files\MATLAB\R2013a\sys\jxbrowser\win64\lib vfprintf abort 
java_command: <unknown>
Launcher Type: generic

Environment Variables:
PATH=C:\ProgramData\Oracle\Java\javapath;C:\Python27\Lib\site-packages\PyQt4;C:\Program Files (x86)\Intel\iCLS Client\;C:\Program Files\Intel\iCLS Client\;C:\Windows\system32;C:\Windows;C:\Windows\System32\Wbem;C:\Windows\System32\WindowsPowerShell\v1.0\;C:\Program Files (x86)\Intel\OpenCL SDK\2.0\bin\x86;C:\Program Files (x86)\Intel\OpenCL SDK\2.0\bin\x64;C:\Program Files\Intel\Intel(R) Management Engine Components\DAL;C:\Program Files\Intel\Intel(R) Management Engine Components\IPT;C:\Program Files (x86)\Intel\Intel(R) Management Engine Components\DAL;C:\Program Files (x86)\Intel\Intel(R) Management Engine Components\IPT;C:\Program Files\MATLAB\R2013a\runtime\win64;C:\Program Files\MATLAB\R2013a\bin;C:\Program Files\Microsoft SQL Server\110\DTS\Binn\;C:\Program Files (x86)\Microsoft SQL Server\110\Tools\Binn\;C:\Program Files\Microsoft SQL Server\110\Tools\Binn\;C:\Program Files (x86)\Microsoft SQL Server\110\Tools\Binn\ManagementStudio\;C:\Program Files (x86)\Microsoft Visual Studio 10.0\Common7\IDE\PrivateAssemblies\;C:\Program Files (x86)\Microsoft SQL Server\110\DTS\Binn\;C:\Program Files\Puppet Labs\Puppet\bin;C:\Program Files\MIT\Kerberos\bin;C:\Windows\system32\config\systemprofile\.dnx\bin;C:\Program Files\Microsoft DNX\Dnvm\;C:\Program Files\Microsoft SQL Server\120\Tools\Binn\;C:\Program Files\Microsoft SQL Server\130\Tools\Binn\;C:\Program Files\Git\cmd;C:\Program Files (x86)\nodejs\;C:\Program Files (x86)\Windows Kits\10\Windows Performance Toolkit\
USERNAME=user1
OS=Windows_NT
PROCESSOR_IDENTIFIER=Intel64 Family 6 Model 58 Stepping 9, GenuineIntel



---------------  S Y S T E M  ---------------

OS: Windows 7 Build 7601 Service Pack 1

CPU:total 2 (8 cores per cpu, 2 threads per core) family 6 model 58 stepping 9, cmov, cx8, fxsr, mmx, sse, sse2, sse3, ssse3, sse4.1, sse4.2, ht

Memory: 4k page, physical 4009492k(2045924k free), swap 8017120k(5466408k free)

vm_info: Java HotSpot(TM) 64-Bit Server VM (14.3-b01) for windows-amd64 JRE (1.6.0_17-b04), built on Oct 11 2009 00:46:08 by "java_re" with MS VC++ 8.0

time: Wed Jul 12 14:02:57 2017
elapsed time: 2087 seconds

